<?xml version="1.0" encoding="UTF-8"?>
<testng-results ignored="0" total="1" passed="1" failed="0" skipped="0">
  <reporter-output>
  </reporter-output>
  <suite started-at="2022-01-05T22:06:18 IST" name="Suite" finished-at="2022-01-05T22:07:01 IST" duration-ms="43057">
    <groups>
    </groups>
    <test started-at="2022-01-05T22:06:18 IST" name="Test" finished-at="2022-01-05T22:07:01 IST" duration-ms="43057">
      <class name="setting.login">
        <test-method is-config="true" signature="beforeIntialization()[pri:0, instance:setting.login@62656be4]" started-at="2022-01-05T22:06:18 IST" name="beforeIntialization" finished-at="2022-01-05T22:06:40 IST" duration-ms="21915" status="PASS">
          <reporter-output>
          </reporter-output>
        </test-method> <!-- beforeIntialization -->
        <test-method signature="loginvalidation()[pri:0, instance:setting.login@62656be4]" started-at="2022-01-05T22:06:40 IST" name="loginvalidation" finished-at="2022-01-05T22:07:00 IST" duration-ms="20507" status="PASS">
          <reporter-output>
          </reporter-output>
        </test-method> <!-- loginvalidation -->
        <test-method is-config="true" signature="threadDown()[pri:0, instance:setting.login@62656be4]" started-at="2022-01-05T22:07:00 IST" name="threadDown" finished-at="2022-01-05T22:07:01 IST" duration-ms="526" status="PASS">
          <reporter-output>
          </reporter-output>
        </test-method> <!-- threadDown -->
      </class> <!-- setting.login -->
    </test> <!-- Test -->
  </suite> <!-- Suite -->
</testng-results>
