<?xml version="1.0" encoding="UTF-8"?>
<testng-results ignored="0" total="1" passed="1" failed="0" skipped="0">
  <reporter-output>
  </reporter-output>
  <suite started-at="2022-01-05T21:48:13 IST" name="Suite" finished-at="2022-01-05T21:48:31 IST" duration-ms="17938">
    <groups>
    </groups>
    <test started-at="2022-01-05T21:48:13 IST" name="Test" finished-at="2022-01-05T21:48:31 IST" duration-ms="17938">
      <class name="setting.login">
        <test-method is-config="true" signature="beforeIntialization()[pri:0, instance:setting.login@376a0d86]" started-at="2022-01-05T21:48:14 IST" name="beforeIntialization" finished-at="2022-01-05T21:48:29 IST" duration-ms="15392" status="PASS">
          <reporter-output>
          </reporter-output>
        </test-method> <!-- beforeIntialization -->
        <test-method signature="loginvalidation()[pri:0, instance:setting.login@376a0d86]" started-at="2022-01-05T21:48:29 IST" name="loginvalidation" finished-at="2022-01-05T21:48:31 IST" duration-ms="1840" status="PASS">
          <reporter-output>
          </reporter-output>
        </test-method> <!-- loginvalidation -->
        <test-method is-config="true" signature="threadDown()[pri:0, instance:setting.login@376a0d86]" started-at="2022-01-05T21:48:31 IST" name="threadDown" finished-at="2022-01-05T21:48:31 IST" duration-ms="583" status="PASS">
          <reporter-output>
          </reporter-output>
        </test-method> <!-- threadDown -->
      </class> <!-- setting.login -->
    </test> <!-- Test -->
  </suite> <!-- Suite -->
</testng-results>
